[debug] [2021-05-06T15:21:52.717Z] ----------------------------------------------------------------------
[debug] [2021-05-06T15:21:52.721Z] Command:       C:\Program Files (x86)\nodejs\node.exe C:\Users\Bharathi\AppData\Roaming\npm\node_modules\firebase-tools\lib\bin\firebase.js deploy
[debug] [2021-05-06T15:21:52.722Z] CLI Version:   9.10.1
[debug] [2021-05-06T15:21:52.722Z] Platform:      win32
[debug] [2021-05-06T15:21:52.722Z] Node Version:  v12.18.3
[debug] [2021-05-06T15:21:52.725Z] Time:          Thu May 06 2021 08:21:52 GMT-0700 (Pacific Daylight Time)
[debug] [2021-05-06T15:21:52.725Z] ----------------------------------------------------------------------
[debug] 
[debug] [2021-05-06T15:21:52.738Z] > command requires scopes: ["email","openid","https://www.googleapis.com/auth/cloudplatformprojects.readonly","https://www.googleapis.com/auth/firebase","https://www.googleapis.com/auth/cloud-platform"]
[debug] [2021-05-06T15:21:52.739Z] > authorizing via signed-in user (bharathivairam040397@gmail.com)
[debug] [2021-05-06T15:21:52.739Z] [iam] checking project sample-login-ee416 for permissions ["firebase.projects.get","firebasehosting.sites.update"]
[debug] [2021-05-06T15:21:52.745Z] > refreshing access token with scopes: ["email","https://www.googleapis.com/auth/cloud-platform","https://www.googleapis.com/auth/cloudplatformprojects.readonly","https://www.googleapis.com/auth/firebase","openid"]
[debug] [2021-05-06T15:21:52.746Z] >>> HTTP REQUEST POST https://www.googleapis.com/oauth2/v3/token  
 <request body omitted>
[debug] [2021-05-06T15:21:53.170Z] <<< HTTP RESPONSE 200 {"pragma":"no-cache","date":"Thu, 06 May 2021 15:21:53 GMT","cache-control":"no-cache, no-store, max-age=0, must-revalidate","expires":"Mon, 01 Jan 1990 00:00:00 GMT","content-type":"application/json; charset=utf-8","vary":"X-Origin, Referer, Origin,Accept-Encoding","server":"scaffolding on HTTPServer2","x-xss-protection":"0","x-frame-options":"SAMEORIGIN","x-content-type-options":"nosniff","alt-svc":"h3-29=\":443\"; ma=2592000,h3-T051=\":443\"; ma=2592000,h3-Q050=\":443\"; ma=2592000,h3-Q046=\":443\"; ma=2592000,h3-Q043=\":443\"; ma=2592000,quic=\":443\"; ma=2592000; v=\"46,43\"","accept-ranges":"none","transfer-encoding":"chunked"}
[debug] [2021-05-06T15:21:53.203Z] [iam] error while checking permissions, command may fail: FirebaseError: Authentication Error: Your credentials are no longer valid. Please run firebase login --reauth

For CI servers and headless environments, generate a new token with firebase login:ci
[debug] [2021-05-06T15:21:53.205Z] > refreshing access token with scopes: []
[debug] [2021-05-06T15:21:53.206Z] >>> HTTP REQUEST POST https://www.googleapis.com/oauth2/v3/token  
 <request body omitted>
[debug] [2021-05-06T15:21:53.443Z] <<< HTTP RESPONSE 200 {"cache-control":"no-cache, no-store, max-age=0, must-revalidate","date":"Thu, 06 May 2021 15:21:53 GMT","pragma":"no-cache","expires":"Mon, 01 Jan 1990 00:00:00 GMT","content-type":"application/json; charset=utf-8","vary":"X-Origin, Referer, Origin,Accept-Encoding","server":"scaffolding on HTTPServer2","x-xss-protection":"0","x-frame-options":"SAMEORIGIN","x-content-type-options":"nosniff","alt-svc":"h3-29=\":443\"; ma=2592000,h3-T051=\":443\"; ma=2592000,h3-Q050=\":443\"; ma=2592000,h3-Q046=\":443\"; ma=2592000,h3-Q043=\":443\"; ma=2592000,quic=\":443\"; ma=2592000; v=\"46,43\"","accept-ranges":"none","transfer-encoding":"chunked"}
[debug] [2021-05-06T15:21:53.459Z] Authentication Error: Your credentials are no longer valid. Please run firebase login --reauth

For CI servers and headless environments, generate a new token with firebase login:ci
[debug] [2021-05-06T15:21:53.774Z] FirebaseError: Authentication Error: Your credentials are no longer valid. Please run firebase login --reauth

For CI servers and headless environments, generate a new token with firebase login:ci
    at invalidCredentialError (C:\Users\Bharathi\AppData\Roaming\npm\node_modules\firebase-tools\lib\auth.js:141:12)
    at refreshTokens (C:\Users\Bharathi\AppData\Roaming\npm\node_modules\firebase-tools\lib\auth.js:448:15)
    at processTicksAndRejections (internal/process/task_queues.js:97:5)
    at async Client.getAccessToken (C:\Users\Bharathi\AppData\Roaming\npm\node_modules\firebase-tools\lib\apiv2.js:144:23)
    at async Client.addAuthHeader (C:\Users\Bharathi\AppData\Roaming\npm\node_modules\firebase-tools\lib\apiv2.js:135:21)
    at async Client.request (C:\Users\Bharathi\AppData\Roaming\npm\node_modules\firebase-tools\lib\apiv2.js:93:34)
    at async Object.getFirebaseProject (C:\Users\Bharathi\AppData\Roaming\npm\node_modules\firebase-tools\lib\management\projects.js:290:21)
    at async Object.getDefaultHostingSite (C:\Users\Bharathi\AppData\Roaming\npm\node_modules\firebase-tools\lib\getDefaultHostingSite.js:8:21)
    at async requireHostingSite (C:\Users\Bharathi\AppData\Roaming\npm\node_modules\firebase-tools\lib\requireHostingSite.js:9:18)
    at async Object.fn (C:\Users\Bharathi\AppData\Roaming\npm\node_modules\firebase-tools\lib\commands\deploy.js:66:9)
    at async C:\Users\Bharathi\AppData\Roaming\npm\node_modules\firebase-tools\lib\command.js:169:17
[error] 
[error] Error: Failed to get Firebase project sample-login-ee416. Please make sure the project exists and your account has permission to access it.
[debug] [2021-05-06T15:21:54.052Z] Error: EBUSY: resource busy or locked, rename 'C:\Users\Bharathi\.config\configstore\firebase-tools.json.1977209863' -> 'C:\Users\Bharathi\.config\configstore\firebase-tools.json'
    at Object.renameSync (fs.js:741:3)
    at Function.writeFileSync [as sync] (C:\Users\Bharathi\AppData\Roaming\npm\node_modules\firebase-tools\node_modules\write-file-atomic\index.js:244:8)
    at Configstore.set all [as all] (C:\Users\Bharathi\AppData\Roaming\npm\node_modules\firebase-tools\node_modules\configstore\index.js:61:20)
    at Configstore.set (C:\Users\Bharathi\AppData\Roaming\npm\node_modules\firebase-tools\node_modules\configstore\index.js:91:12)
    at process.<anonymous> (C:\Users\Bharathi\AppData\Roaming\npm\node_modules\firebase-tools\lib\bin\firebase.js:108:21)
    at process.emit (events.js:327:22)
    at process.exit (internal/process/per_thread.js:167:15)
    at Timeout._onTimeout (C:\Users\Bharathi\AppData\Roaming\npm\node_modules\firebase-tools\lib\errorOut.js:20:17)
    at listOnTimeout (internal/timers.js:549:17)
    at processTimers (internal/timers.js:492:7)
[error] 
[error] Error: An unexpected error has occurred.
